<?xml version="1.0" encoding="UTF-8"?>
<!-- Generated by org.testng.reporters.JUnitXMLReporter -->
<testsuite ignored="0" hostname="DESKTOP-JD55J81" failures="0" tests="3" name="B2BempanelmentTest" time="484.214" errors="0" timestamp="07 Jul 2022 13:20:10 GMT">
  <testcase classname="testCases.B2BempanelmentTest" name="recordActivityTest" time="268.709"/>
  <testcase classname="testCases.B2BempanelmentTest" name="basicTranningTest" time="58.108"/>
  <testcase classname="testCases.B2BempanelmentTest" name="filterTest" time="157.385"/>
</testsuite> <!-- B2BempanelmentTest -->
