<?xml version="1.0" encoding="UTF-8"?>
<!-- Generated by org.testng.reporters.JUnitXMLReporter -->
<testsuite ignored="0" hostname="DESKTOP-JD55J81" failures="0" tests="5" name="B2BEnquiryTest" time="575.026" errors="0" timestamp="07 Jul 2022 13:12:06 GMT">
  <testcase classname="testCases.B2BEnquiryTest" name="leadAssigntoYusraTest" time="9.35"/>
  <testcase classname="testCases.B2BEnquiryTest" name="subBrokarActivityTest" time="211.507"/>
  <testcase classname="testCases.B2BEnquiryTest" name="requestforreviewTest" time="20.435"/>
  <testcase classname="testCases.B2BEnquiryTest" name="leadChangeStatusTest" time="161.072"/>
  <testcase classname="testCases.B2BEnquiryTest" name="filterTest" time="172.647"/>
</testsuite> <!-- B2BEnquiryTest -->
