<?xml version="1.0" encoding="UTF-8"?>
<!-- Generated by org.testng.reporters.JUnitXMLReporter -->
<testsuite ignored="0" hostname="DESKTOP-JD55J81" failures="0" tests="4" name="Enpanelment Test" time="208.056" errors="0" timestamp="07 Jul 2022 13:02:31 GMT">
  <testcase classname="testCases.EnpanelmentTest" name="epanelLogin" time="5.467"/>
  <testcase classname="testCases.EnpanelmentTest" name="arnYes" time="90.151"/>
  <testcase classname="testCases.EnpanelmentTest" name="arnNo" time="82.211"/>
  <testcase classname="testCases.EnpanelmentTest" name="editEnpanelment" time="30.075"/>
</testsuite> <!-- Enpanelment Test -->
